Build started 5/10/2014 2:08:59 PM.
     1>Project "D:\Users\rcr2761\AAA\DirectX11 AA2\DirectX11_Starter\DirectX11_Starter.vcxproj" on node 2 (Build target(s)).
     1>FxCompile:
         C:\Program Files (x86)\Windows Kits\8.0\bin\x86\fxc.exe /nologo /E"main" /T ps_4_0_level_9_3 /Fo "D:\Users\rcr2761\AAA\DirectX11 AA2\Debug\LightPixelShader.cso" /Od /Zi "D:\arcaneaxis\DirectX11 AA2\DirectX11_Starter\Shaders\LightPixelShader.hlsl" 
         an error occurred while setting the initial search directory.
         searches will be relative to the application's starting directory.
         compilation failed; no code produced
     1>C:\Program Files (x86)\MSBuild\Microsoft.Cpp\v4.0\V110\Microsoft.CppCommon.targets(1129,5): error MSB6006: "fxc.exe" exited with code 1.
     1>Done Building Project "D:\Users\rcr2761\AAA\DirectX11 AA2\DirectX11_Starter\DirectX11_Starter.vcxproj" (Build target(s)) -- FAILED.

Build FAILED.

Time Elapsed 00:00:00.23
